[0.009s] Invoking command in '/home/bigyun/Desktop/github_repositories-Bigyuun/teleop_robot_ws/src/build/teleop_twist_joy': CMAKE_PREFIX_PATH=/opt/ros/foxy CONDA_PROMPT_MODIFIER=(base) /usr/bin/cmake /home/bigyun/Desktop/github_repositories-Bigyuun/teleop_robot_ws/src/teleop_twist_joy -DAMENT_CMAKE_SYMLINK_INSTALL=1 -DCMAKE_INSTALL_PREFIX=/home/bigyun/Desktop/github_repositories-Bigyuun/teleop_robot_ws/src/install/teleop_twist_joy
[0.041s] -- The C compiler identification is GNU 9.4.0
[0.073s] -- The CXX compiler identification is GNU 9.4.0
[0.076s] -- Check for working C compiler: /usr/bin/cc
[0.112s] -- Check for working C compiler: /usr/bin/cc -- works
[0.112s] -- Detecting C compiler ABI info
[0.151s] -- Detecting C compiler ABI info - done
[0.157s] -- Detecting C compile features
[0.158s] -- Detecting C compile features - done
[0.159s] -- Check for working CXX compiler: /usr/bin/c++
[0.205s] -- Check for working CXX compiler: /usr/bin/c++ -- works
[0.206s] -- Detecting CXX compiler ABI info
[0.248s] -- Detecting CXX compiler ABI info - done
[0.255s] -- Detecting CXX compile features
[0.255s] -- Detecting CXX compile features - done
[0.259s] -- Found ament_cmake: 0.9.12 (/opt/ros/foxy/share/ament_cmake/cmake)
[0.272s] -- Found PythonInterp: /home/bigyun/anaconda3/bin/python3 (found suitable version "3.10.9", minimum required is "3") 
[0.272s] -- Using PYTHON_EXECUTABLE: /home/bigyun/anaconda3/bin/python3
[0.363s] -- Override CMake install command with custom implementation using symlinks instead of copying resources
[0.383s] -- Found geometry_msgs: 2.0.5 (/opt/ros/foxy/share/geometry_msgs/cmake)
[0.399s] -- Using all available rosidl_typesupport_c: rosidl_typesupport_fastrtps_c;rosidl_typesupport_introspection_c
[0.403s] -- Found rosidl_adapter: 1.3.1 (/opt/ros/foxy/share/rosidl_adapter/cmake)
[0.446s] -- Found OpenSSL: /usr/lib/x86_64-linux-gnu/libcrypto.so (found version "1.1.1f")  
[0.463s] -- Found FastRTPS: /opt/ros/foxy/include  
[0.507s] -- Using all available rosidl_typesupport_cpp: rosidl_typesupport_fastrtps_cpp;rosidl_typesupport_introspection_cpp
[0.557s] -- Found rclcpp: 2.4.3 (/opt/ros/foxy/share/rclcpp/cmake)
[0.582s] -- Found rmw_implementation_cmake: 1.0.4 (/opt/ros/foxy/share/rmw_implementation_cmake/cmake)
[0.582s] -- Using RMW implementation 'rmw_fastrtps_cpp' as default
[0.583s] -- Looking for pthread.h
[0.623s] -- Looking for pthread.h - found
[0.623s] -- Performing Test CMAKE_HAVE_LIBC_PTHREAD
[0.663s] -- Performing Test CMAKE_HAVE_LIBC_PTHREAD - Failed
[0.663s] -- Looking for pthread_create in pthreads
[0.697s] -- Looking for pthread_create in pthreads - not found
[0.698s] -- Looking for pthread_create in pthread
[0.743s] -- Looking for pthread_create in pthread - found
[0.744s] -- Found Threads: TRUE  
[0.832s] -- Found rclcpp_components: 2.4.3 (/opt/ros/foxy/share/rclcpp_components/cmake)
[0.866s] -- Found sensor_msgs: 2.0.5 (/opt/ros/foxy/share/sensor_msgs/cmake)
[0.909s] -- Performing Test COMPILER_HAS_HIDDEN_VISIBILITY
[0.956s] -- Performing Test COMPILER_HAS_HIDDEN_VISIBILITY - Success
[0.956s] -- Performing Test COMPILER_HAS_HIDDEN_INLINE_VISIBILITY
[0.999s] -- Performing Test COMPILER_HAS_HIDDEN_INLINE_VISIBILITY - Success
[0.999s] -- Performing Test COMPILER_HAS_DEPRECATED_ATTR
[1.046s] -- Performing Test COMPILER_HAS_DEPRECATED_ATTR - Success
[1.049s] -- Found ament_lint_auto: 0.9.8 (/opt/ros/foxy/share/ament_lint_auto/cmake)
[1.110s] -- Found python_cmake_module: 0.8.1 (/opt/ros/foxy/share/python_cmake_module/cmake)
[1.122s] -- Found PythonInterp: /home/bigyun/anaconda3/bin/python3 (found suitable version "3.10.9", minimum required is "3.5") 
[1.125s] -- Found PythonLibs: /home/bigyun/anaconda3/lib/libpython3.10.so (found suitable version "3.10.9", minimum required is "3.5") 
[1.125s] -- Using PYTHON_EXECUTABLE: /home/bigyun/anaconda3/bin/python3
[1.125s] -- Using PYTHON_INCLUDE_DIRS: /home/bigyun/anaconda3/include/python3.10
[1.125s] -- Using PYTHON_LIBRARIES: /home/bigyun/anaconda3/lib/libpython3.10.so
[1.137s] -- Found PythonExtra: .so  
[1.150s] -- Added test 'cppcheck' to perform static code analysis on C / C++ code
[1.150s] -- Configured cppcheck include dirs: $<BUILD_INTERFACE:/home/bigyun/Desktop/github_repositories-Bigyuun/teleop_robot_ws/src/teleop_twist_joy/include>
[1.150s] -- Configured cppcheck exclude dirs and/or files: 
[1.151s] -- Added test 'cpplint' to check C / C++ code against the Google style
[1.152s] -- Configured cpplint exclude dirs and/or files: 
[1.152s] -- Added test 'flake8' to check Python code syntax and style conventions
[1.152s] -- Added test 'lint_cmake' to check CMake code style
[1.153s] -- Added test 'pep257' to check Python code against some of the style conventions in PEP 257
[1.154s] -- Added test 'uncrustify' to check C / C++ code style
[1.154s] -- Configured uncrustify additional arguments: 
[1.154s] -- Added test 'xmllint' to check XML markup files
[1.157s] -- Configuring done
[1.158s] CMake Error at CMakeLists.txt:39 (add_executable):
[1.158s]   Target "teleop_twist_joy_node" links to target
[1.158s]   "rclcpp_components::component" but the target was not found.  Perhaps a
[1.159s]   find_package() call is missing for an IMPORTED target, or an ALIAS target
[1.159s]   is missing?
[1.159s] 
[1.159s] 
[1.159s] CMake Error at CMakeLists.txt:20 (add_library):
[1.159s]   Target "teleop_twist_joy" links to target "rclcpp_components::component"
[1.159s]   but the target was not found.  Perhaps a find_package() call is missing for
[1.159s]   an IMPORTED target, or an ALIAS target is missing?
[1.159s] 
[1.159s] 
[1.163s] -- Generating done
[1.164s] CMake Generate step failed.  Build files cannot be regenerated correctly.
[1.170s] Invoked command in '/home/bigyun/Desktop/github_repositories-Bigyuun/teleop_robot_ws/src/build/teleop_twist_joy' returned '1': CMAKE_PREFIX_PATH=/opt/ros/foxy CONDA_PROMPT_MODIFIER=(base) /usr/bin/cmake /home/bigyun/Desktop/github_repositories-Bigyuun/teleop_robot_ws/src/teleop_twist_joy -DAMENT_CMAKE_SYMLINK_INSTALL=1 -DCMAKE_INSTALL_PREFIX=/home/bigyun/Desktop/github_repositories-Bigyuun/teleop_robot_ws/src/install/teleop_twist_joy
