-- Found ament_cmake: 0.9.12 (/opt/ros/foxy/share/ament_cmake/cmake)
-- Using PYTHON_EXECUTABLE: /home/bigyun/anaconda3/bin/python3
-- Override CMake install command with custom implementation using symlinks instead of copying resources
-- Found std_msgs: 2.0.5 (/opt/ros/foxy/share/std_msgs/cmake)
-- Using all available rosidl_typesupport_c: rosidl_typesupport_fastrtps_c;rosidl_typesupport_introspection_c
-- Found rosidl_adapter: 1.3.1 (/opt/ros/foxy/share/rosidl_adapter/cmake)
-- Using all available rosidl_typesupport_cpp: rosidl_typesupport_fastrtps_cpp;rosidl_typesupport_introspection_cpp
-- Found sensor_msgs: 2.0.5 (/opt/ros/foxy/share/sensor_msgs/cmake)
-- Found rclcpp: 2.4.3 (/opt/ros/foxy/share/rclcpp/cmake)
-- Found rmw_implementation_cmake: 1.0.4 (/opt/ros/foxy/share/rmw_implementation_cmake/cmake)
-- Using RMW implementation 'rmw_fastrtps_cpp' as default
-- Found ament_lint_auto: 0.9.8 (/opt/ros/foxy/share/ament_lint_auto/cmake)
-- Added test 'copyright' to check source files copyright and LICENSE
-- Added test 'cppcheck' to perform static code analysis on C / C++ code
-- Configured cppcheck include dirs: /home/bigyun/Desktop/github_repositories-Bigyuun/teleop_robot_ws/src/tcp_pkg/include/tcp_pkg
-- Configured cppcheck exclude dirs and/or files: 
-- Added test 'cpplint' to check C / C++ code against the Google style
-- Configured cpplint exclude dirs and/or files: 
-- Added test 'lint_cmake' to check CMake code style
-- Added test 'uncrustify' to check C / C++ code style
-- Configured uncrustify additional arguments: 
-- Added test 'xmllint' to check XML markup files
-- Configuring done
-- Generating done
-- Build files have been written to: /home/bigyun/Desktop/github_repositories-Bigyuun/teleop_robot_ws/src/build/tcp_pkg
[35m[1mScanning dependencies of target tcpclient[0m
[ 50%] [32mBuilding CXX object CMakeFiles/tcpclient.dir/src/tcp_node.cpp.o[0m
In file included from [01m[K/home/bigyun/Desktop/github_repositories-Bigyuun/teleop_robot_ws/src/tcp_pkg/src/tcp_node.cpp:3[m[K:
[01m[K/home/bigyun/Desktop/github_repositories-Bigyuun/teleop_robot_ws/src/tcp_pkg/include/tcp_pkg/tcp_node.hpp:25:20:[m[K [01;35m[Kwarning: [m[KISO C++ forbids converting a string constant to ‘[01m[Kchar*[m[K’ [[01;35m[K-Wwrite-strings[m[K]
   25 | #define DEFAULT_IP [01;35m[K"172.16.1.0"[m[K
      |                    [01;35m[K^~~~~~~~~~~~[m[K
[01m[K/home/bigyun/Desktop/github_repositories-Bigyuun/teleop_robot_ws/src/tcp_pkg/include/tcp_pkg/tcp_node.hpp:52:15:[m[K [01;36m[Knote: [m[Kin expansion of macro ‘[01m[KDEFAULT_IP[m[K’
   52 |   char* ip_ = [01;36m[KDEFAULT_IP[m[K;
      |               [01;36m[K^~~~~~~~~~[m[K
[01m[K/home/bigyun/Desktop/github_repositories-Bigyuun/teleop_robot_ws/src/tcp_pkg/src/tcp_node.cpp:9:1:[m[K [01;31m[Kerror: [m[Kredefinition of ‘[01m[KTCPClientNode::TCPClientNode()[m[K’
    9 | [01;31m[KTCPClientNode[m[K::TCPClientNode() : rclcpp::Node("TCPClientNode")
      | [01;31m[K^~~~~~~~~~~~~[m[K
In file included from [01m[K/home/bigyun/Desktop/github_repositories-Bigyuun/teleop_robot_ws/src/tcp_pkg/src/tcp_node.cpp:3[m[K:
[01m[K/home/bigyun/Desktop/github_repositories-Bigyuun/teleop_robot_ws/src/tcp_pkg/include/tcp_pkg/tcp_node.hpp:37:3:[m[K [01;36m[Knote: [m[K‘[01m[KTCPClientNode::TCPClientNode()[m[K’ previously defined here
   37 |   [01;36m[KTCPClientNode[m[K() = delete;
      |   [01;36m[K^~~~~~~~~~~~~[m[K
[01m[K/home/bigyun/Desktop/github_repositories-Bigyuun/teleop_robot_ws/src/tcp_pkg/src/tcp_node.cpp:[m[K In member function ‘[01m[Kuint8_t TCPClientNode::Initialize()[m[K’:
[01m[K/home/bigyun/Desktop/github_repositories-Bigyuun/teleop_robot_ws/src/tcp_pkg/src/tcp_node.cpp:60:37:[m[K [01;31m[Kerror: [m[Kno matching function for call to ‘[01m[Kgetline(std::istream&, char*&)[m[K’
   60 |     std::getline(std::cin, this->ip_[01;31m[K)[m[K;
      |                                     [01;31m[K^[m[K
In file included from [01m[K/usr/include/c++/9/string:56[m[K,
                 from [01m[K/usr/include/c++/9/stdexcept:39[m[K,
                 from [01m[K/usr/include/c++/9/array:39[m[K,
                 from [01m[K/usr/include/c++/9/tuple:39[m[K,
                 from [01m[K/usr/include/c++/9/mutex:38[m[K,
                 from [01m[K/usr/include/c++/9/future:38[m[K,
                 from [01m[K/home/bigyun/Desktop/github_repositories-Bigyuun/teleop_robot_ws/src/tcp_pkg/include/tcp_pkg/tcp_node.hpp:4[m[K,
                 from [01m[K/home/bigyun/Desktop/github_repositories-Bigyuun/teleop_robot_ws/src/tcp_pkg/src/tcp_node.cpp:3[m[K:
[01m[K/usr/include/c++/9/bits/basic_string.tcc:1538:5:[m[K [01;36m[Knote: [m[Kcandidate: ‘[01m[Ktemplate<class _CharT, class _Traits, class _Alloc> std::basic_istream<_CharT, _Traits>& std::getline(std::basic_istream<_CharT, _Traits>&, std::__cxx11::basic_string<_CharT, _Traits, _Alloc>&, _CharT)[m[K’
 1538 |     [01;36m[Kgetline[m[K(basic_istream<_CharT, _Traits>& __in,
      |     [01;36m[K^~~~~~~[m[K
[01m[K/usr/include/c++/9/bits/basic_string.tcc:1538:5:[m[K [01;36m[Knote: [m[K  template argument deduction/substitution failed:
[01m[K/home/bigyun/Desktop/github_repositories-Bigyuun/teleop_robot_ws/src/tcp_pkg/src/tcp_node.cpp:60:37:[m[K [01;36m[Knote: [m[K  mismatched types ‘[01m[Kstd::__cxx11::basic_string<_CharT, _Traits, _Alloc>[m[K’ and ‘[01m[Kchar*[m[K’
   60 |     std::getline(std::cin, this->ip_[01;36m[K)[m[K;
      |                                     [01;36m[K^[m[K
In file included from [01m[K/usr/include/c++/9/string:55[m[K,
                 from [01m[K/usr/include/c++/9/stdexcept:39[m[K,
                 from [01m[K/usr/include/c++/9/array:39[m[K,
                 from [01m[K/usr/include/c++/9/tuple:39[m[K,
                 from [01m[K/usr/include/c++/9/mutex:38[m[K,
                 from [01m[K/usr/include/c++/9/future:38[m[K,
                 from [01m[K/home/bigyun/Desktop/github_repositories-Bigyuun/teleop_robot_ws/src/tcp_pkg/include/tcp_pkg/tcp_node.hpp:4[m[K,
                 from [01m[K/home/bigyun/Desktop/github_repositories-Bigyuun/teleop_robot_ws/src/tcp_pkg/src/tcp_node.cpp:3[m[K:
[01m[K/usr/include/c++/9/bits/basic_string.h:6459:5:[m[K [01;36m[Knote: [m[Kcandidate: ‘[01m[Ktemplate<class _CharT, class _Traits, class _Alloc> std::basic_istream<_CharT, _Traits>& std::getline(std::basic_istream<_CharT, _Traits>&, std::__cxx11::basic_string<_CharT, _Traits, _Alloc>&)[m[K’
 6459 |     [01;36m[Kgetline[m[K(basic_istream<_CharT, _Traits>& __is,
      |     [01;36m[K^~~~~~~[m[K
[01m[K/usr/include/c++/9/bits/basic_string.h:6459:5:[m[K [01;36m[Knote: [m[K  template argument deduction/substitution failed:
[01m[K/home/bigyun/Desktop/github_repositories-Bigyuun/teleop_robot_ws/src/tcp_pkg/src/tcp_node.cpp:60:37:[m[K [01;36m[Knote: [m[K  mismatched types ‘[01m[Kstd::__cxx11::basic_string<_CharT, _Traits, _Alloc>[m[K’ and ‘[01m[Kchar*[m[K’
   60 |     std::getline(std::cin, this->ip_[01;36m[K)[m[K;
      |                                     [01;36m[K^[m[K
In file included from [01m[K/usr/include/c++/9/string:55[m[K,
                 from [01m[K/usr/include/c++/9/stdexcept:39[m[K,
                 from [01m[K/usr/include/c++/9/array:39[m[K,
                 from [01m[K/usr/include/c++/9/tuple:39[m[K,
                 from [01m[K/usr/include/c++/9/mutex:38[m[K,
                 from [01m[K/usr/include/c++/9/future:38[m[K,
                 from [01m[K/home/bigyun/Desktop/github_repositories-Bigyuun/teleop_robot_ws/src/tcp_pkg/include/tcp_pkg/tcp_node.hpp:4[m[K,
                 from [01m[K/home/bigyun/Desktop/github_repositories-Bigyuun/teleop_robot_ws/src/tcp_pkg/src/tcp_node.cpp:3[m[K:
[01m[K/usr/include/c++/9/bits/basic_string.h:6467:5:[m[K [01;36m[Knote: [m[Kcandidate: ‘[01m[Ktemplate<class _CharT, class _Traits, class _Alloc> std::basic_istream<_CharT, _Traits>& std::getline(std::basic_istream<_CharT, _Traits>&&, std::__cxx11::basic_string<_CharT, _Traits, _Alloc>&, _CharT)[m[K’
 6467 |     [01;36m[Kgetline[m[K(basic_istream<_CharT, _Traits>&& __is,
      |     [01;36m[K^~~~~~~[m[K
[01m[K/usr/include/c++/9/bits/basic_string.h:6467:5:[m[K [01;36m[Knote: [m[K  template argument deduction/substitution failed:
[01m[K/home/bigyun/Desktop/github_repositories-Bigyuun/teleop_robot_ws/src/tcp_pkg/src/tcp_node.cpp:60:37:[m[K [01;36m[Knote: [m[K  mismatched types ‘[01m[Kstd::__cxx11::basic_string<_CharT, _Traits, _Alloc>[m[K’ and ‘[01m[Kchar*[m[K’
   60 |     std::getline(std::cin, this->ip_[01;36m[K)[m[K;
      |                                     [01;36m[K^[m[K
In file included from [01m[K/usr/include/c++/9/string:55[m[K,
                 from [01m[K/usr/include/c++/9/stdexcept:39[m[K,
                 from [01m[K/usr/include/c++/9/array:39[m[K,
                 from [01m[K/usr/include/c++/9/tuple:39[m[K,
                 from [01m[K/usr/include/c++/9/mutex:38[m[K,
                 from [01m[K/usr/include/c++/9/future:38[m[K,
                 from [01m[K/home/bigyun/Desktop/github_repositories-Bigyuun/teleop_robot_ws/src/tcp_pkg/include/tcp_pkg/tcp_node.hpp:4[m[K,
                 from [01m[K/home/bigyun/Desktop/github_repositories-Bigyuun/teleop_robot_ws/src/tcp_pkg/src/tcp_node.cpp:3[m[K:
[01m[K/usr/include/c++/9/bits/basic_string.h:6474:5:[m[K [01;36m[Knote: [m[Kcandidate: ‘[01m[Ktemplate<class _CharT, class _Traits, class _Alloc> std::basic_istream<_CharT, _Traits>& std::getline(std::basic_istream<_CharT, _Traits>&&, std::__cxx11::basic_string<_CharT, _Traits, _Alloc>&)[m[K’
 6474 |     [01;36m[Kgetline[m[K(basic_istream<_CharT, _Traits>&& __is,
      |     [01;36m[K^~~~~~~[m[K
[01m[K/usr/include/c++/9/bits/basic_string.h:6474:5:[m[K [01;36m[Knote: [m[K  template argument deduction/substitution failed:
[01m[K/home/bigyun/Desktop/github_repositories-Bigyuun/teleop_robot_ws/src/tcp_pkg/src/tcp_node.cpp:60:37:[m[K [01;36m[Knote: [m[K  mismatched types ‘[01m[Kstd::__cxx11::basic_string<_CharT, _Traits, _Alloc>[m[K’ and ‘[01m[Kchar*[m[K’
   60 |     std::getline(std::cin, this->ip_[01;36m[K)[m[K;
      |                                     [01;36m[K^[m[K
[01m[K/home/bigyun/Desktop/github_repositories-Bigyuun/teleop_robot_ws/src/tcp_pkg/src/tcp_node.cpp:64:21:[m[K [01;35m[Kwarning: [m[Kcomparison with string literal results in unspecified behavior [[01;35m[K-Waddress[m[K]
   64 |     if(this->ip_ == [01;35m[K""[m[K) {this->ip_ = DEFAULT_IP; std::cout << this->ip_ << std::endl; break;}
      |                     [01;35m[K^~[m[K
In file included from [01m[K/home/bigyun/Desktop/github_repositories-Bigyuun/teleop_robot_ws/src/tcp_pkg/src/tcp_node.cpp:3[m[K:
[01m[K/home/bigyun/Desktop/github_repositories-Bigyuun/teleop_robot_ws/src/tcp_pkg/include/tcp_pkg/tcp_node.hpp:25:20:[m[K [01;35m[Kwarning: [m[KISO C++ forbids converting a string constant to ‘[01m[Kchar*[m[K’ [[01;35m[K-Wwrite-strings[m[K]
   25 | #define DEFAULT_IP [01;35m[K"172.16.1.0"[m[K
      |                    [01;35m[K^~~~~~~~~~~~[m[K
[01m[K/home/bigyun/Desktop/github_repositories-Bigyuun/teleop_robot_ws/src/tcp_pkg/src/tcp_node.cpp:64:38:[m[K [01;36m[Knote: [m[Kin expansion of macro ‘[01m[KDEFAULT_IP[m[K’
   64 |     if(this->ip_ == "") {this->ip_ = [01;36m[KDEFAULT_IP[m[K; std::cout << this->ip_ << std::endl; break;}
      |                                      [01;36m[K^~~~~~~~~~[m[K
[01m[K/home/bigyun/Desktop/github_repositories-Bigyuun/teleop_robot_ws/src/tcp_pkg/src/tcp_node.cpp:67:30:[m[K [01;31m[Kerror: [m[Krequest for member ‘[01m[Klength[m[K’ in ‘[01m[K((TCPClientNode*)this)->TCPClientNode::ip_[m[K’, which is of non-class type ‘[01m[Kchar*[m[K’
   67 |     for(int i=0; i<this->ip_.[01;31m[Klength[m[K(); i++) { if(this->ip_[i] == '.') cnt++; }
      |                              [01;31m[K^~~~~~[m[K
[01m[K/home/bigyun/Desktop/github_repositories-Bigyuun/teleop_robot_ws/src/tcp_pkg/src/tcp_node.cpp:84:19:[m[K [01;35m[Kwarning: [m[Kcomparison of integer expressions of different signedness: ‘[01m[Kint[m[K’ and ‘[01m[Kstd::__cxx11::basic_string<char>::size_type[m[K’ {aka ‘[01m[Klong unsigned int[m[K’} [[01;35m[K-Wsign-compare[m[K]
   84 |     for(int i=0; [01;35m[Ki<this->s_port_.length()[m[K; i++)
      |                  [01;35m[K~^~~~~~~~~~~~~~~~~~~~~~~[m[K
[01m[K/home/bigyun/Desktop/github_repositories-Bigyuun/teleop_robot_ws/src/tcp_pkg/src/tcp_node.cpp:109:60:[m[K [01;31m[Kerror: [m[Krequest for member ‘[01m[Kc_str[m[K’ in ‘[01m[K((TCPClientNode*)this)->TCPClientNode::ip_[m[K’, which is of non-class type ‘[01m[Kchar*[m[K’
  109 |   this->server_addr_.sin_addr.s_addr = inet_addr(this->ip_.[01;31m[Kc_str[m[K());
      |                                                            [01;31m[K^~~~~[m[K
[01m[K/home/bigyun/Desktop/github_repositories-Bigyuun/teleop_robot_ws/src/tcp_pkg/src/tcp_node.cpp:[m[K In member function ‘[01m[Kvoid TCPClientNode::SendThread()[m[K’:
[01m[K/home/bigyun/Desktop/github_repositories-Bigyuun/teleop_robot_ws/src/tcp_pkg/src/tcp_node.cpp:126:8:[m[K [01;35m[Kwarning: [m[KISO C++ forbids variable length array ‘[01m[Ksend_val[m[K’ [[01;35m[K-Wvla[m[K]
  126 |   long [01;35m[Ksend_val[m[K[this->buffer_size_];
      |        [01;35m[K^~~~~~~~[m[K
[01m[K/home/bigyun/Desktop/github_repositories-Bigyuun/teleop_robot_ws/src/tcp_pkg/src/tcp_node.cpp:[m[K In member function ‘[01m[Kvoid TCPClientNode::RecvThread()[m[K’:
[01m[K/home/bigyun/Desktop/github_repositories-Bigyuun/teleop_robot_ws/src/tcp_pkg/src/tcp_node.cpp:162:8:[m[K [01;35m[Kwarning: [m[KISO C++ forbids variable length array ‘[01m[Krecv_val[m[K’ [[01;35m[K-Wvla[m[K]
  162 |   long [01;35m[Krecv_val[m[K[this->buffer_size_];
      |        [01;35m[K^~~~~~~~[m[K
In file included from [01m[K/usr/include/x86_64-linux-gnu/c++/9/bits/c++allocator.h:33[m[K,
                 from [01m[K/usr/include/c++/9/bits/allocator.h:46[m[K,
                 from [01m[K/usr/include/c++/9/string:41[m[K,
                 from [01m[K/usr/include/c++/9/stdexcept:39[m[K,
                 from [01m[K/usr/include/c++/9/array:39[m[K,
                 from [01m[K/usr/include/c++/9/tuple:39[m[K,
                 from [01m[K/usr/include/c++/9/mutex:38[m[K,
                 from [01m[K/usr/include/c++/9/future:38[m[K,
                 from [01m[K/home/bigyun/Desktop/github_repositories-Bigyuun/teleop_robot_ws/src/tcp_pkg/include/tcp_pkg/tcp_node.hpp:4[m[K,
                 from [01m[K/home/bigyun/Desktop/github_repositories-Bigyuun/teleop_robot_ws/src/tcp_pkg/src/tcp_node.cpp:3[m[K:
/usr/include/c++/9/ext/new_allocator.h: In instantiation of ‘[01m[Kvoid __gnu_cxx::new_allocator<_Tp>::construct(_Up*, _Args&& ...) [with _Up = TCPClientNode; _Args = {}; _Tp = TCPClientNode][m[K’:
[01m[K/usr/include/c++/9/bits/alloc_traits.h:483:4:[m[K   required from ‘[01m[Kstatic void std::allocator_traits<std::allocator<_CharT> >::construct(std::allocator_traits<std::allocator<_CharT> >::allocator_type&, _Up*, _Args&& ...) [with _Up = TCPClientNode; _Args = {}; _Tp = TCPClientNode; std::allocator_traits<std::allocator<_CharT> >::allocator_type = std::allocator<TCPClientNode>][m[K’
[01m[K/usr/include/c++/9/bits/shared_ptr_base.h:548:39:[m[K   required from ‘[01m[Kstd::_Sp_counted_ptr_inplace<_Tp, _Alloc, _Lp>::_Sp_counted_ptr_inplace(_Alloc, _Args&& ...) [with _Args = {}; _Tp = TCPClientNode; _Alloc = std::allocator<TCPClientNode>; __gnu_cxx::_Lock_policy _Lp = __gnu_cxx::_S_atomic][m[K’
[01m[K/usr/include/c++/9/bits/shared_ptr_base.h:679:16:[m[K   required from ‘[01m[Kstd::__shared_count<_Lp>::__shared_count(_Tp*&, std::_Sp_alloc_shared_tag<_Alloc>, _Args&& ...) [with _Tp = TCPClientNode; _Alloc = std::allocator<TCPClientNode>; _Args = {}; __gnu_cxx::_Lock_policy _Lp = __gnu_cxx::_S_atomic][m[K’
[01m[K/usr/include/c++/9/bits/shared_ptr_base.h:1344:71:[m[K   required from ‘[01m[Kstd::__shared_ptr<_Tp, _Lp>::__shared_ptr(std::_Sp_alloc_shared_tag<_Tp>, _Args&& ...) [with _Alloc = std::allocator<TCPClientNode>; _Args = {}; _Tp = TCPClientNode; __gnu_cxx::_Lock_policy _Lp = __gnu_cxx::_S_atomic][m[K’
[01m[K/usr/include/c++/9/bits/shared_ptr.h:359:59:[m[K   required from ‘[01m[Kstd::shared_ptr<_Tp>::shared_ptr(std::_Sp_alloc_shared_tag<_Tp>, _Args&& ...) [with _Alloc = std::allocator<TCPClientNode>; _Args = {}; _Tp = TCPClientNode][m[K’
[01m[K/usr/include/c++/9/bits/shared_ptr.h:701:14:[m[K   required from ‘[01m[Kstd::shared_ptr<_Tp> std::allocate_shared(const _Alloc&, _Args&& ...) [with _Tp = TCPClientNode; _Alloc = std::allocator<TCPClientNode>; _Args = {}][m[K’
[01m[K/usr/include/c++/9/bits/shared_ptr.h:717:39:[m[K   required from ‘[01m[Kstd::shared_ptr<_Tp> std::make_shared(_Args&& ...) [with _Tp = TCPClientNode; _Args = {}][m[K’
[01m[K/home/bigyun/Desktop/github_repositories-Bigyuun/teleop_robot_ws/src/tcp_pkg/src/tcp_node.cpp:191:47:[m[K   required from here
[01m[K/usr/include/c++/9/ext/new_allocator.h:146:4:[m[K [01;31m[Kerror: [m[Kuse of deleted function ‘[01m[KTCPClientNode::TCPClientNode()[m[K’
  146 |  { [01;31m[K::new((void *)__p) _Up(std::forward<_Args>(__args)...)[m[K; }
      |    [01;31m[K^~~~~~~~~~~~~~~~~~~~~~~~~~~~~~~~~~~~~~~~~~~~~~~~~~~~~~[m[K
In file included from [01m[K/home/bigyun/Desktop/github_repositories-Bigyuun/teleop_robot_ws/src/tcp_pkg/src/tcp_node.cpp:3[m[K:
[01m[K/home/bigyun/Desktop/github_repositories-Bigyuun/teleop_robot_ws/src/tcp_pkg/include/tcp_pkg/tcp_node.hpp:37:3:[m[K [01;36m[Knote: [m[Kdeclared here
   37 |   [01;36m[KTCPClientNode[m[K() = delete;
      |   [01;36m[K^~~~~~~~~~~~~[m[K
make[2]: *** [CMakeFiles/tcpclient.dir/build.make:63: CMakeFiles/tcpclient.dir/src/tcp_node.cpp.o] Error 1
make[1]: *** [CMakeFiles/Makefile2:105: CMakeFiles/tcpclient.dir/all] Error 2
make: *** [Makefile:141: all] Error 2
