[0.165s] DEBUG:colcon:Command line arguments: ['/usr/bin/colcon', 'build', '--symlink-install', '--packages-select', 'tcp_pkg']
[0.165s] DEBUG:colcon:Parsed command line arguments: Namespace(allow_overriding=[], ament_cmake_args=None, base_paths=['.'], build_base='build', catkin_cmake_args=None, catkin_skip_building_tests=False, cmake_args=None, cmake_clean_cache=False, cmake_clean_first=False, cmake_force_configure=False, cmake_target=None, cmake_target_skip_unavailable=False, continue_on_error=False, event_handlers=None, executor='parallel', ignore_user_meta=False, install_base='install', log_base=None, log_level=None, main=<bound method BuildVerb.main of <colcon_core.verb.build.BuildVerb object at 0x7fb83cc8f550>>, merge_install=False, metas=['./colcon.meta'], packages_above=None, packages_above_and_dependencies=None, packages_above_depth=None, packages_end=None, packages_ignore=None, packages_ignore_regex=None, packages_select=['tcp_pkg'], packages_select_build_failed=False, packages_select_by_dep=None, packages_select_regex=None, packages_select_test_failures=False, packages_skip=None, packages_skip_build_finished=False, packages_skip_by_dep=None, packages_skip_regex=None, packages_skip_test_passed=False, packages_skip_up_to=None, packages_start=None, packages_up_to=None, packages_up_to_regex=None, parallel_workers=20, paths=None, symlink_install=True, test_result_base=None, verb_extension=<colcon_core.verb.build.BuildVerb object at 0x7fb83cc8f550>, verb_name='build', verb_parser=<colcon_defaults.argument_parser.defaults.DefaultArgumentsDecorator object at 0x7fb83cc8fa90>)
[0.190s] Level 1:colcon.colcon_core.package_discovery:discover_packages(colcon_meta) check parameters
[0.190s] Level 1:colcon.colcon_core.package_discovery:discover_packages(recursive) check parameters
[0.190s] Level 1:colcon.colcon_core.package_discovery:discover_packages(ignore) check parameters
[0.190s] Level 1:colcon.colcon_core.package_discovery:discover_packages(path) check parameters
[0.190s] Level 1:colcon.colcon_core.package_discovery:discover_packages(colcon_meta) discover
[0.190s] Level 1:colcon.colcon_core.package_discovery:discover_packages(recursive) discover
[0.190s] INFO:colcon.colcon_core.package_discovery:Crawling recursively for packages in '/home/bigyun/Desktop/github_repositories-Bigyuun/teleop_robot_ws'
[0.190s] Level 1:colcon.colcon_core.package_identification:_identify(.) by extensions ['ignore', 'ignore_ament_install']
[0.190s] Level 1:colcon.colcon_core.package_identification:_identify(.) by extension 'ignore'
[0.190s] Level 1:colcon.colcon_core.package_identification:_identify(.) by extension 'ignore_ament_install'
[0.190s] Level 1:colcon.colcon_core.package_identification:_identify(.) by extensions ['colcon_pkg']
[0.190s] Level 1:colcon.colcon_core.package_identification:_identify(.) by extension 'colcon_pkg'
[0.190s] Level 1:colcon.colcon_core.package_identification:_identify(.) by extensions ['colcon_meta']
[0.190s] Level 1:colcon.colcon_core.package_identification:_identify(.) by extension 'colcon_meta'
[0.190s] Level 1:colcon.colcon_core.package_identification:_identify(.) by extensions ['ros']
[0.190s] Level 1:colcon.colcon_core.package_identification:_identify(.) by extension 'ros'
[0.201s] Level 1:colcon.colcon_core.package_identification:_identify(.) by extensions ['cmake', 'python']
[0.202s] Level 1:colcon.colcon_core.package_identification:_identify(.) by extension 'cmake'
[0.202s] Level 1:colcon.colcon_core.package_identification:_identify(.) by extension 'python'
[0.202s] Level 1:colcon.colcon_core.package_identification:_identify(.) by extensions ['python_setup_py']
[0.202s] Level 1:colcon.colcon_core.package_identification:_identify(.) by extension 'python_setup_py'
[0.202s] Level 1:colcon.colcon_core.package_identification:_identify(build) by extensions ['ignore', 'ignore_ament_install']
[0.202s] Level 1:colcon.colcon_core.package_identification:_identify(build) by extension 'ignore'
[0.202s] Level 1:colcon.colcon_core.package_identification:_identify(build) ignored
[0.202s] Level 1:colcon.colcon_core.package_identification:_identify(install) by extensions ['ignore', 'ignore_ament_install']
[0.202s] Level 1:colcon.colcon_core.package_identification:_identify(install) by extension 'ignore'
[0.202s] Level 1:colcon.colcon_core.package_identification:_identify(install) ignored
[0.202s] Level 1:colcon.colcon_core.package_identification:_identify(log) by extensions ['ignore', 'ignore_ament_install']
[0.202s] Level 1:colcon.colcon_core.package_identification:_identify(log) by extension 'ignore'
[0.202s] Level 1:colcon.colcon_core.package_identification:_identify(log) ignored
[0.202s] Level 1:colcon.colcon_core.package_identification:_identify(src) by extensions ['ignore', 'ignore_ament_install']
[0.202s] Level 1:colcon.colcon_core.package_identification:_identify(src) by extension 'ignore'
[0.202s] Level 1:colcon.colcon_core.package_identification:_identify(src) by extension 'ignore_ament_install'
[0.202s] Level 1:colcon.colcon_core.package_identification:_identify(src) by extensions ['colcon_pkg']
[0.202s] Level 1:colcon.colcon_core.package_identification:_identify(src) by extension 'colcon_pkg'
[0.202s] Level 1:colcon.colcon_core.package_identification:_identify(src) by extensions ['colcon_meta']
[0.202s] Level 1:colcon.colcon_core.package_identification:_identify(src) by extension 'colcon_meta'
[0.202s] Level 1:colcon.colcon_core.package_identification:_identify(src) by extensions ['ros']
[0.202s] Level 1:colcon.colcon_core.package_identification:_identify(src) by extension 'ros'
[0.202s] Level 1:colcon.colcon_core.package_identification:_identify(src) by extensions ['cmake', 'python']
[0.202s] Level 1:colcon.colcon_core.package_identification:_identify(src) by extension 'cmake'
[0.202s] Level 1:colcon.colcon_core.package_identification:_identify(src) by extension 'python'
[0.202s] Level 1:colcon.colcon_core.package_identification:_identify(src) by extensions ['python_setup_py']
[0.202s] Level 1:colcon.colcon_core.package_identification:_identify(src) by extension 'python_setup_py'
[0.202s] Level 1:colcon.colcon_core.package_identification:_identify(src/build) by extensions ['ignore', 'ignore_ament_install']
[0.202s] Level 1:colcon.colcon_core.package_identification:_identify(src/build) by extension 'ignore'
[0.202s] Level 1:colcon.colcon_core.package_identification:_identify(src/build) ignored
[0.202s] Level 1:colcon.colcon_core.package_identification:_identify(src/install) by extensions ['ignore', 'ignore_ament_install']
[0.202s] Level 1:colcon.colcon_core.package_identification:_identify(src/install) by extension 'ignore'
[0.202s] Level 1:colcon.colcon_core.package_identification:_identify(src/install) ignored
[0.202s] Level 1:colcon.colcon_core.package_identification:_identify(src/log) by extensions ['ignore', 'ignore_ament_install']
[0.203s] Level 1:colcon.colcon_core.package_identification:_identify(src/log) by extension 'ignore'
[0.203s] Level 1:colcon.colcon_core.package_identification:_identify(src/log) ignored
[0.203s] Level 1:colcon.colcon_core.package_identification:_identify(src/robot_control_pkg) by extensions ['ignore', 'ignore_ament_install']
[0.203s] Level 1:colcon.colcon_core.package_identification:_identify(src/robot_control_pkg) by extension 'ignore'
[0.203s] Level 1:colcon.colcon_core.package_identification:_identify(src/robot_control_pkg) by extension 'ignore_ament_install'
[0.203s] Level 1:colcon.colcon_core.package_identification:_identify(src/robot_control_pkg) by extensions ['colcon_pkg']
[0.203s] Level 1:colcon.colcon_core.package_identification:_identify(src/robot_control_pkg) by extension 'colcon_pkg'
[0.203s] Level 1:colcon.colcon_core.package_identification:_identify(src/robot_control_pkg) by extensions ['colcon_meta']
[0.203s] Level 1:colcon.colcon_core.package_identification:_identify(src/robot_control_pkg) by extension 'colcon_meta'
[0.203s] Level 1:colcon.colcon_core.package_identification:_identify(src/robot_control_pkg) by extensions ['ros']
[0.203s] Level 1:colcon.colcon_core.package_identification:_identify(src/robot_control_pkg) by extension 'ros'
[0.205s] DEBUG:colcon.colcon_core.package_identification:Package 'src/robot_control_pkg' with type 'ros.ament_cmake' and name 'robot_control_pkg'
[0.205s] Level 1:colcon.colcon_core.package_identification:_identify(src/tcp_pkg) by extensions ['ignore', 'ignore_ament_install']
[0.205s] Level 1:colcon.colcon_core.package_identification:_identify(src/tcp_pkg) by extension 'ignore'
[0.205s] Level 1:colcon.colcon_core.package_identification:_identify(src/tcp_pkg) by extension 'ignore_ament_install'
[0.205s] Level 1:colcon.colcon_core.package_identification:_identify(src/tcp_pkg) by extensions ['colcon_pkg']
[0.205s] Level 1:colcon.colcon_core.package_identification:_identify(src/tcp_pkg) by extension 'colcon_pkg'
[0.205s] Level 1:colcon.colcon_core.package_identification:_identify(src/tcp_pkg) by extensions ['colcon_meta']
[0.205s] Level 1:colcon.colcon_core.package_identification:_identify(src/tcp_pkg) by extension 'colcon_meta'
[0.205s] Level 1:colcon.colcon_core.package_identification:_identify(src/tcp_pkg) by extensions ['ros']
[0.205s] Level 1:colcon.colcon_core.package_identification:_identify(src/tcp_pkg) by extension 'ros'
[0.205s] DEBUG:colcon.colcon_core.package_identification:Package 'src/tcp_pkg' with type 'ros.ament_cmake' and name 'tcp_pkg'
[0.206s] Level 1:colcon.colcon_core.package_identification:_identify(src/teleop_twist_joy) by extensions ['ignore', 'ignore_ament_install']
[0.206s] Level 1:colcon.colcon_core.package_identification:_identify(src/teleop_twist_joy) by extension 'ignore'
[0.206s] Level 1:colcon.colcon_core.package_identification:_identify(src/teleop_twist_joy) by extension 'ignore_ament_install'
[0.206s] Level 1:colcon.colcon_core.package_identification:_identify(src/teleop_twist_joy) by extensions ['colcon_pkg']
[0.206s] Level 1:colcon.colcon_core.package_identification:_identify(src/teleop_twist_joy) by extension 'colcon_pkg'
[0.206s] Level 1:colcon.colcon_core.package_identification:_identify(src/teleop_twist_joy) by extensions ['colcon_meta']
[0.206s] Level 1:colcon.colcon_core.package_identification:_identify(src/teleop_twist_joy) by extension 'colcon_meta'
[0.206s] Level 1:colcon.colcon_core.package_identification:_identify(src/teleop_twist_joy) by extensions ['ros']
[0.206s] Level 1:colcon.colcon_core.package_identification:_identify(src/teleop_twist_joy) by extension 'ros'
[0.206s] DEBUG:colcon.colcon_core.package_identification:Package 'src/teleop_twist_joy' with type 'ros.ament_cmake' and name 'teleop_twist_joy'
[0.206s] Level 1:colcon.colcon_core.package_discovery:discover_packages(recursive) using defaults
[0.206s] Level 1:colcon.colcon_core.package_discovery:discover_packages(ignore) discover
[0.206s] Level 1:colcon.colcon_core.package_discovery:discover_packages(ignore) using defaults
[0.206s] Level 1:colcon.colcon_core.package_discovery:discover_packages(path) discover
[0.206s] Level 1:colcon.colcon_core.package_discovery:discover_packages(path) using defaults
[0.219s] INFO:colcon.colcon_core.package_selection:Skipping not selected package 'robot_control_pkg' in 'src/robot_control_pkg'
[0.219s] INFO:colcon.colcon_core.package_selection:Skipping not selected package 'teleop_twist_joy' in 'src/teleop_twist_joy'
[0.220s] Level 1:colcon.colcon_core.package_discovery:discover_packages(prefix_path) check parameters
[0.220s] Level 1:colcon.colcon_core.package_discovery:discover_packages(prefix_path) discover
[0.222s] DEBUG:colcon.colcon_installed_package_information.package_discovery:Found 263 installed packages in /opt/ros/foxy
[0.223s] Level 1:colcon.colcon_core.package_discovery:discover_packages(prefix_path) using defaults
[0.258s] Level 5:colcon.colcon_core.verb:set package 'tcp_pkg' build argument 'cmake_args' from command line to 'None'
[0.258s] Level 5:colcon.colcon_core.verb:set package 'tcp_pkg' build argument 'cmake_target' from command line to 'None'
[0.258s] Level 5:colcon.colcon_core.verb:set package 'tcp_pkg' build argument 'cmake_target_skip_unavailable' from command line to 'False'
[0.258s] Level 5:colcon.colcon_core.verb:set package 'tcp_pkg' build argument 'cmake_clean_cache' from command line to 'False'
[0.258s] Level 5:colcon.colcon_core.verb:set package 'tcp_pkg' build argument 'cmake_clean_first' from command line to 'False'
[0.258s] Level 5:colcon.colcon_core.verb:set package 'tcp_pkg' build argument 'cmake_force_configure' from command line to 'False'
[0.258s] Level 5:colcon.colcon_core.verb:set package 'tcp_pkg' build argument 'ament_cmake_args' from command line to 'None'
[0.258s] Level 5:colcon.colcon_core.verb:set package 'tcp_pkg' build argument 'catkin_cmake_args' from command line to 'None'
[0.258s] Level 5:colcon.colcon_core.verb:set package 'tcp_pkg' build argument 'catkin_skip_building_tests' from command line to 'False'
[0.258s] DEBUG:colcon.colcon_core.verb:Building package 'tcp_pkg' with the following arguments: {'ament_cmake_args': None, 'build_base': '/home/bigyun/Desktop/github_repositories-Bigyuun/teleop_robot_ws/build/tcp_pkg', 'catkin_cmake_args': None, 'catkin_skip_building_tests': False, 'cmake_args': None, 'cmake_clean_cache': False, 'cmake_clean_first': False, 'cmake_force_configure': False, 'cmake_target': None, 'cmake_target_skip_unavailable': False, 'install_base': '/home/bigyun/Desktop/github_repositories-Bigyuun/teleop_robot_ws/install/tcp_pkg', 'merge_install': False, 'path': '/home/bigyun/Desktop/github_repositories-Bigyuun/teleop_robot_ws/src/tcp_pkg', 'symlink_install': True, 'test_result_base': None}
[0.258s] INFO:colcon.colcon_core.executor:Executing jobs using 'parallel' executor
[0.260s] DEBUG:colcon.colcon_parallel_executor.executor.parallel:run_until_complete
[0.260s] INFO:colcon.colcon_ros.task.ament_cmake.build:Building ROS package in '/home/bigyun/Desktop/github_repositories-Bigyuun/teleop_robot_ws/src/tcp_pkg' with build type 'ament_cmake'
[0.260s] INFO:colcon.colcon_cmake.task.cmake.build:Building CMake package in '/home/bigyun/Desktop/github_repositories-Bigyuun/teleop_robot_ws/src/tcp_pkg'
[0.265s] INFO:colcon.colcon_core.plugin_system:Skipping extension 'colcon_core.shell.bat': Not used on non-Windows systems
[0.265s] INFO:colcon.colcon_core.shell:Skip shell extension 'powershell' for command environment: Not usable outside of PowerShell
[0.265s] DEBUG:colcon.colcon_core.shell:Skip shell extension 'dsv' for command environment
[0.271s] DEBUG:colcon.colcon_core.event_handler.log_command:Invoking command in '/home/bigyun/Desktop/github_repositories-Bigyuun/teleop_robot_ws/build/tcp_pkg': CMAKE_PREFIX_PATH=/opt/ros/foxy CONDA_PROMPT_MODIFIER=(base) /usr/bin/cmake /home/bigyun/Desktop/github_repositories-Bigyuun/teleop_robot_ws/src/tcp_pkg -DAMENT_CMAKE_SYMLINK_INSTALL=1 -DCMAKE_INSTALL_PREFIX=/home/bigyun/Desktop/github_repositories-Bigyuun/teleop_robot_ws/install/tcp_pkg
[1.298s] DEBUG:colcon.colcon_core.event_handler.log_command:Invoked command in '/home/bigyun/Desktop/github_repositories-Bigyuun/teleop_robot_ws/build/tcp_pkg' returned '0': CMAKE_PREFIX_PATH=/opt/ros/foxy CONDA_PROMPT_MODIFIER=(base) /usr/bin/cmake /home/bigyun/Desktop/github_repositories-Bigyuun/teleop_robot_ws/src/tcp_pkg -DAMENT_CMAKE_SYMLINK_INSTALL=1 -DCMAKE_INSTALL_PREFIX=/home/bigyun/Desktop/github_repositories-Bigyuun/teleop_robot_ws/install/tcp_pkg
[1.298s] DEBUG:colcon.colcon_core.event_handler.log_command:Invoking command in '/home/bigyun/Desktop/github_repositories-Bigyuun/teleop_robot_ws/build/tcp_pkg': CMAKE_PREFIX_PATH=/opt/ros/foxy CONDA_PROMPT_MODIFIER=(base) /usr/bin/cmake --build /home/bigyun/Desktop/github_repositories-Bigyuun/teleop_robot_ws/build/tcp_pkg -- -j20 -l20
[2.313s] DEBUG:colcon.colcon_core.event_handler.log_command:Invoked command in '/home/bigyun/Desktop/github_repositories-Bigyuun/teleop_robot_ws/build/tcp_pkg' returned '0': CMAKE_PREFIX_PATH=/opt/ros/foxy CONDA_PROMPT_MODIFIER=(base) /usr/bin/cmake --build /home/bigyun/Desktop/github_repositories-Bigyuun/teleop_robot_ws/build/tcp_pkg -- -j20 -l20
[2.329s] DEBUG:colcon.colcon_core.event_handler.log_command:Invoking command in '/home/bigyun/Desktop/github_repositories-Bigyuun/teleop_robot_ws/build/tcp_pkg': CMAKE_PREFIX_PATH=/opt/ros/foxy CONDA_PROMPT_MODIFIER=(base) /usr/bin/cmake --install /home/bigyun/Desktop/github_repositories-Bigyuun/teleop_robot_ws/build/tcp_pkg
[2.399s] Level 1:colcon.colcon_core.environment:create_environment_scripts_only(tcp_pkg)
[2.399s] DEBUG:colcon.colcon_core.event_handler.log_command:Invoked command in '/home/bigyun/Desktop/github_repositories-Bigyuun/teleop_robot_ws/build/tcp_pkg' returned '0': CMAKE_PREFIX_PATH=/opt/ros/foxy CONDA_PROMPT_MODIFIER=(base) /usr/bin/cmake --install /home/bigyun/Desktop/github_repositories-Bigyuun/teleop_robot_ws/build/tcp_pkg
[2.405s] Level 1:colcon.colcon_core.environment:checking '/home/bigyun/Desktop/github_repositories-Bigyuun/teleop_robot_ws/install/tcp_pkg' for CMake module files
[2.405s] Level 1:colcon.colcon_core.environment:checking '/home/bigyun/Desktop/github_repositories-Bigyuun/teleop_robot_ws/install/tcp_pkg' for CMake config files
[2.406s] Level 1:colcon.colcon_core.shell:create_environment_hook('tcp_pkg', 'cmake_prefix_path')
[2.406s] INFO:colcon.colcon_core.shell:Creating environment hook '/home/bigyun/Desktop/github_repositories-Bigyuun/teleop_robot_ws/install/tcp_pkg/share/tcp_pkg/hook/cmake_prefix_path.ps1'
[2.407s] INFO:colcon.colcon_core.shell:Creating environment descriptor '/home/bigyun/Desktop/github_repositories-Bigyuun/teleop_robot_ws/install/tcp_pkg/share/tcp_pkg/hook/cmake_prefix_path.dsv'
[2.407s] INFO:colcon.colcon_core.shell:Creating environment hook '/home/bigyun/Desktop/github_repositories-Bigyuun/teleop_robot_ws/install/tcp_pkg/share/tcp_pkg/hook/cmake_prefix_path.sh'
[2.408s] Level 1:colcon.colcon_core.environment:checking '/home/bigyun/Desktop/github_repositories-Bigyuun/teleop_robot_ws/install/tcp_pkg/lib'
[2.408s] Level 1:colcon.colcon_core.environment:checking '/home/bigyun/Desktop/github_repositories-Bigyuun/teleop_robot_ws/install/tcp_pkg/bin'
[2.408s] Level 1:colcon.colcon_core.environment:checking '/home/bigyun/Desktop/github_repositories-Bigyuun/teleop_robot_ws/install/tcp_pkg/lib/pkgconfig/tcp_pkg.pc'
[2.408s] Level 1:colcon.colcon_core.environment:checking '/home/bigyun/Desktop/github_repositories-Bigyuun/teleop_robot_ws/install/tcp_pkg/lib/python3.8/site-packages'
[2.408s] Level 1:colcon.colcon_core.environment:checking '/home/bigyun/Desktop/github_repositories-Bigyuun/teleop_robot_ws/install/tcp_pkg/bin'
[2.409s] INFO:colcon.colcon_core.shell:Creating package script '/home/bigyun/Desktop/github_repositories-Bigyuun/teleop_robot_ws/install/tcp_pkg/share/tcp_pkg/package.ps1'
[2.409s] INFO:colcon.colcon_core.shell:Creating package descriptor '/home/bigyun/Desktop/github_repositories-Bigyuun/teleop_robot_ws/install/tcp_pkg/share/tcp_pkg/package.dsv'
[2.410s] INFO:colcon.colcon_core.shell:Creating package script '/home/bigyun/Desktop/github_repositories-Bigyuun/teleop_robot_ws/install/tcp_pkg/share/tcp_pkg/package.sh'
[2.410s] INFO:colcon.colcon_core.shell:Creating package script '/home/bigyun/Desktop/github_repositories-Bigyuun/teleop_robot_ws/install/tcp_pkg/share/tcp_pkg/package.bash'
[2.411s] INFO:colcon.colcon_core.shell:Creating package script '/home/bigyun/Desktop/github_repositories-Bigyuun/teleop_robot_ws/install/tcp_pkg/share/tcp_pkg/package.zsh'
[2.412s] Level 1:colcon.colcon_core.environment:create_file_with_runtime_dependencies(/home/bigyun/Desktop/github_repositories-Bigyuun/teleop_robot_ws/install/tcp_pkg/share/colcon-core/packages/tcp_pkg)
[2.425s] Level 1:colcon.colcon_core.environment:create_environment_scripts_only(tcp_pkg)
[2.426s] Level 1:colcon.colcon_core.environment:checking '/home/bigyun/Desktop/github_repositories-Bigyuun/teleop_robot_ws/install/tcp_pkg' for CMake module files
[2.427s] Level 1:colcon.colcon_core.environment:checking '/home/bigyun/Desktop/github_repositories-Bigyuun/teleop_robot_ws/install/tcp_pkg' for CMake config files
[2.427s] Level 1:colcon.colcon_core.shell:create_environment_hook('tcp_pkg', 'cmake_prefix_path')
[2.427s] INFO:colcon.colcon_core.shell:Creating environment hook '/home/bigyun/Desktop/github_repositories-Bigyuun/teleop_robot_ws/install/tcp_pkg/share/tcp_pkg/hook/cmake_prefix_path.ps1'
[2.428s] INFO:colcon.colcon_core.shell:Creating environment descriptor '/home/bigyun/Desktop/github_repositories-Bigyuun/teleop_robot_ws/install/tcp_pkg/share/tcp_pkg/hook/cmake_prefix_path.dsv'
[2.428s] INFO:colcon.colcon_core.shell:Creating environment hook '/home/bigyun/Desktop/github_repositories-Bigyuun/teleop_robot_ws/install/tcp_pkg/share/tcp_pkg/hook/cmake_prefix_path.sh'
[2.428s] Level 1:colcon.colcon_core.environment:checking '/home/bigyun/Desktop/github_repositories-Bigyuun/teleop_robot_ws/install/tcp_pkg/lib'
[2.428s] Level 1:colcon.colcon_core.environment:checking '/home/bigyun/Desktop/github_repositories-Bigyuun/teleop_robot_ws/install/tcp_pkg/bin'
[2.428s] Level 1:colcon.colcon_core.environment:checking '/home/bigyun/Desktop/github_repositories-Bigyuun/teleop_robot_ws/install/tcp_pkg/lib/pkgconfig/tcp_pkg.pc'
[2.428s] Level 1:colcon.colcon_core.environment:checking '/home/bigyun/Desktop/github_repositories-Bigyuun/teleop_robot_ws/install/tcp_pkg/lib/python3.8/site-packages'
[2.428s] Level 1:colcon.colcon_core.environment:checking '/home/bigyun/Desktop/github_repositories-Bigyuun/teleop_robot_ws/install/tcp_pkg/bin'
[2.429s] INFO:colcon.colcon_core.shell:Creating package script '/home/bigyun/Desktop/github_repositories-Bigyuun/teleop_robot_ws/install/tcp_pkg/share/tcp_pkg/package.ps1'
[2.429s] INFO:colcon.colcon_core.shell:Creating package descriptor '/home/bigyun/Desktop/github_repositories-Bigyuun/teleop_robot_ws/install/tcp_pkg/share/tcp_pkg/package.dsv'
[2.429s] INFO:colcon.colcon_core.shell:Creating package script '/home/bigyun/Desktop/github_repositories-Bigyuun/teleop_robot_ws/install/tcp_pkg/share/tcp_pkg/package.sh'
[2.430s] INFO:colcon.colcon_core.shell:Creating package script '/home/bigyun/Desktop/github_repositories-Bigyuun/teleop_robot_ws/install/tcp_pkg/share/tcp_pkg/package.bash'
[2.430s] INFO:colcon.colcon_core.shell:Creating package script '/home/bigyun/Desktop/github_repositories-Bigyuun/teleop_robot_ws/install/tcp_pkg/share/tcp_pkg/package.zsh'
[2.430s] Level 1:colcon.colcon_core.environment:create_file_with_runtime_dependencies(/home/bigyun/Desktop/github_repositories-Bigyuun/teleop_robot_ws/install/tcp_pkg/share/colcon-core/packages/tcp_pkg)
[2.430s] DEBUG:colcon.colcon_parallel_executor.executor.parallel:closing loop
[2.430s] DEBUG:colcon.colcon_parallel_executor.executor.parallel:loop closed
[2.430s] DEBUG:colcon.colcon_parallel_executor.executor.parallel:run_until_complete finished with '0'
[2.430s] DEBUG:colcon.colcon_core.event_reactor:joining thread
[2.434s] INFO:colcon.colcon_core.plugin_system:Skipping extension 'colcon_notification.desktop_notification.terminal_notifier': Not used on non-Darwin systems
[2.434s] INFO:colcon.colcon_core.plugin_system:Skipping extension 'colcon_notification.desktop_notification.win32': Not used on non-Windows systems
[2.434s] INFO:colcon.colcon_notification.desktop_notification:Sending desktop notification using 'notify2'
[2.450s] DEBUG:colcon.colcon_core.event_reactor:joined thread
[2.451s] INFO:colcon.colcon_core.shell:Creating prefix script '/home/bigyun/Desktop/github_repositories-Bigyuun/teleop_robot_ws/install/local_setup.ps1'
[2.452s] INFO:colcon.colcon_core.shell:Creating prefix util module '/home/bigyun/Desktop/github_repositories-Bigyuun/teleop_robot_ws/install/_local_setup_util_ps1.py'
[2.454s] INFO:colcon.colcon_core.shell:Creating prefix chain script '/home/bigyun/Desktop/github_repositories-Bigyuun/teleop_robot_ws/install/setup.ps1'
[2.455s] INFO:colcon.colcon_core.shell:Creating prefix script '/home/bigyun/Desktop/github_repositories-Bigyuun/teleop_robot_ws/install/local_setup.sh'
[2.455s] INFO:colcon.colcon_core.shell:Creating prefix util module '/home/bigyun/Desktop/github_repositories-Bigyuun/teleop_robot_ws/install/_local_setup_util_sh.py'
[2.455s] INFO:colcon.colcon_core.shell:Creating prefix chain script '/home/bigyun/Desktop/github_repositories-Bigyuun/teleop_robot_ws/install/setup.sh'
[2.456s] INFO:colcon.colcon_core.shell:Creating prefix script '/home/bigyun/Desktop/github_repositories-Bigyuun/teleop_robot_ws/install/local_setup.bash'
[2.457s] INFO:colcon.colcon_core.shell:Creating prefix chain script '/home/bigyun/Desktop/github_repositories-Bigyuun/teleop_robot_ws/install/setup.bash'
[2.457s] INFO:colcon.colcon_core.shell:Creating prefix script '/home/bigyun/Desktop/github_repositories-Bigyuun/teleop_robot_ws/install/local_setup.zsh'
[2.457s] INFO:colcon.colcon_core.shell:Creating prefix chain script '/home/bigyun/Desktop/github_repositories-Bigyuun/teleop_robot_ws/install/setup.zsh'
