[35m[1mScanning dependencies of target tcpclient[0m
[ 50%] [32mBuilding CXX object CMakeFiles/tcpclient.dir/src/tcp_node.cpp.o[0m
[01m[K/home/bigyun/Desktop/github_repositories-Bigyuun/teleop_robot_ws/src/tcp_pkg/src/tcp_node.cpp:[m[K In member function ‘[01m[Kuint8_t TCPClientNode::Initialize()[m[K’:
[01m[K/home/bigyun/Desktop/github_repositories-Bigyuun/teleop_robot_ws/src/tcp_pkg/src/tcp_node.cpp:67:19:[m[K [01;35m[Kwarning: [m[Kcomparison of integer expressions of different signedness: ‘[01m[Kint[m[K’ and ‘[01m[Kstd::__cxx11::basic_string<char>::size_type[m[K’ {aka ‘[01m[Klong unsigned int[m[K’} [[01;35m[K-Wsign-compare[m[K]
   67 |     for(int i=0; [01;35m[Ki<this->ip_.length()[m[K; i++) { if(this->ip_[i] == '.') cnt++; }
      |                  [01;35m[K~^~~~~~~~~~~~~~~~~~~[m[K
[01m[K/home/bigyun/Desktop/github_repositories-Bigyuun/teleop_robot_ws/src/tcp_pkg/src/tcp_node.cpp:84:19:[m[K [01;35m[Kwarning: [m[Kcomparison of integer expressions of different signedness: ‘[01m[Kint[m[K’ and ‘[01m[Kstd::__cxx11::basic_string<char>::size_type[m[K’ {aka ‘[01m[Klong unsigned int[m[K’} [[01;35m[K-Wsign-compare[m[K]
   84 |     for(int i=0; [01;35m[Ki<this->s_port_.length()[m[K; i++)
      |                  [01;35m[K~^~~~~~~~~~~~~~~~~~~~~~~[m[K
[01m[K/home/bigyun/Desktop/github_repositories-Bigyuun/teleop_robot_ws/src/tcp_pkg/src/tcp_node.cpp:[m[K In member function ‘[01m[Kvoid TCPClientNode::SendThread()[m[K’:
[01m[K/home/bigyun/Desktop/github_repositories-Bigyuun/teleop_robot_ws/src/tcp_pkg/src/tcp_node.cpp:127:8:[m[K [01;35m[Kwarning: [m[KISO C++ forbids variable length array ‘[01m[Ksend_val[m[K’ [[01;35m[K-Wvla[m[K]
  127 |   long [01;35m[Ksend_val[m[K[this->buffer_size_];
      |        [01;35m[K^~~~~~~~[m[K
[01m[K/home/bigyun/Desktop/github_repositories-Bigyuun/teleop_robot_ws/src/tcp_pkg/src/tcp_node.cpp:[m[K In member function ‘[01m[Kvoid TCPClientNode::RecvThread()[m[K’:
[01m[K/home/bigyun/Desktop/github_repositories-Bigyuun/teleop_robot_ws/src/tcp_pkg/src/tcp_node.cpp:163:8:[m[K [01;35m[Kwarning: [m[KISO C++ forbids variable length array ‘[01m[Krecv_val[m[K’ [[01;35m[K-Wvla[m[K]
  163 |   long [01;35m[Krecv_val[m[K[this->buffer_size_];
      |        [01;35m[K^~~~~~~~[m[K
[100%] [32m[1mLinking CXX executable tcpclient[0m
[100%] Built target tcpclient
-- Install configuration: ""
-- Execute custom install script
-- Up-to-date symlink: /home/bigyun/Desktop/github_repositories-Bigyuun/teleop_robot_ws/src/install/tcp_pkg/lib/tcp_pkg/tcpclient
-- Up-to-date symlink: /home/bigyun/Desktop/github_repositories-Bigyuun/teleop_robot_ws/src/install/tcp_pkg/share/ament_index/resource_index/package_run_dependencies/tcp_pkg
-- Up-to-date symlink: /home/bigyun/Desktop/github_repositories-Bigyuun/teleop_robot_ws/src/install/tcp_pkg/share/ament_index/resource_index/parent_prefix_path/tcp_pkg
-- Up-to-date symlink: /home/bigyun/Desktop/github_repositories-Bigyuun/teleop_robot_ws/src/install/tcp_pkg/share/tcp_pkg/environment/ament_prefix_path.sh
-- Up-to-date symlink: /home/bigyun/Desktop/github_repositories-Bigyuun/teleop_robot_ws/src/install/tcp_pkg/share/tcp_pkg/environment/ament_prefix_path.dsv
-- Up-to-date symlink: /home/bigyun/Desktop/github_repositories-Bigyuun/teleop_robot_ws/src/install/tcp_pkg/share/tcp_pkg/environment/path.sh
-- Up-to-date symlink: /home/bigyun/Desktop/github_repositories-Bigyuun/teleop_robot_ws/src/install/tcp_pkg/share/tcp_pkg/environment/path.dsv
-- Up-to-date symlink: /home/bigyun/Desktop/github_repositories-Bigyuun/teleop_robot_ws/src/install/tcp_pkg/share/tcp_pkg/local_setup.bash
-- Up-to-date symlink: /home/bigyun/Desktop/github_repositories-Bigyuun/teleop_robot_ws/src/install/tcp_pkg/share/tcp_pkg/local_setup.sh
-- Up-to-date symlink: /home/bigyun/Desktop/github_repositories-Bigyuun/teleop_robot_ws/src/install/tcp_pkg/share/tcp_pkg/local_setup.zsh
-- Up-to-date symlink: /home/bigyun/Desktop/github_repositories-Bigyuun/teleop_robot_ws/src/install/tcp_pkg/share/tcp_pkg/local_setup.dsv
-- Symlinking: /home/bigyun/Desktop/github_repositories-Bigyuun/teleop_robot_ws/src/install/tcp_pkg/share/tcp_pkg/package.dsv
-- Up-to-date symlink: /home/bigyun/Desktop/github_repositories-Bigyuun/teleop_robot_ws/src/install/tcp_pkg/share/ament_index/resource_index/packages/tcp_pkg
-- Up-to-date symlink: /home/bigyun/Desktop/github_repositories-Bigyuun/teleop_robot_ws/src/install/tcp_pkg/share/tcp_pkg/cmake/tcp_pkgConfig.cmake
-- Up-to-date symlink: /home/bigyun/Desktop/github_repositories-Bigyuun/teleop_robot_ws/src/install/tcp_pkg/share/tcp_pkg/cmake/tcp_pkgConfig-version.cmake
-- Up-to-date symlink: /home/bigyun/Desktop/github_repositories-Bigyuun/teleop_robot_ws/src/install/tcp_pkg/share/tcp_pkg/package.xml
