[35m[1mScanning dependencies of target tcpclient[0m
[ 50%] [32mBuilding CXX object CMakeFiles/tcpclient.dir/src/tcp_node.cpp.o[0m
[100%] [32m[1mLinking CXX executable tcpclient[0m
[100%] Built target tcpclient
-- Install configuration: ""
-- Execute custom install script
-- Up-to-date symlink: /home/bigyun/Desktop/github_repositories-Bigyuun/teleop_robot_ws/src/install/tcp_pkg/lib/tcp_pkg/tcpclient
-- Up-to-date symlink: /home/bigyun/Desktop/github_repositories-Bigyuun/teleop_robot_ws/src/install/tcp_pkg/share/ament_index/resource_index/package_run_dependencies/tcp_pkg
-- Up-to-date symlink: /home/bigyun/Desktop/github_repositories-Bigyuun/teleop_robot_ws/src/install/tcp_pkg/share/ament_index/resource_index/parent_prefix_path/tcp_pkg
-- Up-to-date symlink: /home/bigyun/Desktop/github_repositories-Bigyuun/teleop_robot_ws/src/install/tcp_pkg/share/tcp_pkg/environment/ament_prefix_path.sh
-- Up-to-date symlink: /home/bigyun/Desktop/github_repositories-Bigyuun/teleop_robot_ws/src/install/tcp_pkg/share/tcp_pkg/environment/ament_prefix_path.dsv
-- Up-to-date symlink: /home/bigyun/Desktop/github_repositories-Bigyuun/teleop_robot_ws/src/install/tcp_pkg/share/tcp_pkg/environment/path.sh
-- Up-to-date symlink: /home/bigyun/Desktop/github_repositories-Bigyuun/teleop_robot_ws/src/install/tcp_pkg/share/tcp_pkg/environment/path.dsv
-- Up-to-date symlink: /home/bigyun/Desktop/github_repositories-Bigyuun/teleop_robot_ws/src/install/tcp_pkg/share/tcp_pkg/local_setup.bash
-- Up-to-date symlink: /home/bigyun/Desktop/github_repositories-Bigyuun/teleop_robot_ws/src/install/tcp_pkg/share/tcp_pkg/local_setup.sh
-- Up-to-date symlink: /home/bigyun/Desktop/github_repositories-Bigyuun/teleop_robot_ws/src/install/tcp_pkg/share/tcp_pkg/local_setup.zsh
-- Up-to-date symlink: /home/bigyun/Desktop/github_repositories-Bigyuun/teleop_robot_ws/src/install/tcp_pkg/share/tcp_pkg/local_setup.dsv
-- Symlinking: /home/bigyun/Desktop/github_repositories-Bigyuun/teleop_robot_ws/src/install/tcp_pkg/share/tcp_pkg/package.dsv
-- Up-to-date symlink: /home/bigyun/Desktop/github_repositories-Bigyuun/teleop_robot_ws/src/install/tcp_pkg/share/ament_index/resource_index/packages/tcp_pkg
-- Up-to-date symlink: /home/bigyun/Desktop/github_repositories-Bigyuun/teleop_robot_ws/src/install/tcp_pkg/share/tcp_pkg/cmake/tcp_pkgConfig.cmake
-- Up-to-date symlink: /home/bigyun/Desktop/github_repositories-Bigyuun/teleop_robot_ws/src/install/tcp_pkg/share/tcp_pkg/cmake/tcp_pkgConfig-version.cmake
-- Up-to-date symlink: /home/bigyun/Desktop/github_repositories-Bigyuun/teleop_robot_ws/src/install/tcp_pkg/share/tcp_pkg/package.xml
