-- The C compiler identification is GNU 9.4.0
-- The CXX compiler identification is GNU 9.4.0
-- Check for working C compiler: /usr/bin/cc
-- Check for working C compiler: /usr/bin/cc -- works
-- Detecting C compiler ABI info
-- Detecting C compiler ABI info - done
-- Detecting C compile features
-- Detecting C compile features - done
-- Check for working CXX compiler: /usr/bin/c++
-- Check for working CXX compiler: /usr/bin/c++ -- works
-- Detecting CXX compiler ABI info
-- Detecting CXX compiler ABI info - done
-- Detecting CXX compile features
-- Detecting CXX compile features - done
-- Found ament_cmake: 0.9.12 (/opt/ros/foxy/share/ament_cmake/cmake)
-- Found PythonInterp: /home/bigyun/anaconda3/bin/python3 (found suitable version "3.10.9", minimum required is "3") 
-- Using PYTHON_EXECUTABLE: /home/bigyun/anaconda3/bin/python3
-- Override CMake install command with custom implementation using symlinks instead of copying resources
-- Found std_msgs: 2.0.5 (/opt/ros/foxy/share/std_msgs/cmake)
-- Using all available rosidl_typesupport_c: rosidl_typesupport_fastrtps_c;rosidl_typesupport_introspection_c
-- Found rosidl_adapter: 1.3.1 (/opt/ros/foxy/share/rosidl_adapter/cmake)
-- Found OpenSSL: /usr/lib/x86_64-linux-gnu/libcrypto.so (found version "1.1.1f")  
-- Found FastRTPS: /opt/ros/foxy/include  
-- Using all available rosidl_typesupport_cpp: rosidl_typesupport_fastrtps_cpp;rosidl_typesupport_introspection_cpp
-- Found sensor_msgs: 2.0.5 (/opt/ros/foxy/share/sensor_msgs/cmake)
-- Found rclcpp: 2.4.3 (/opt/ros/foxy/share/rclcpp/cmake)
-- Found rmw_implementation_cmake: 1.0.4 (/opt/ros/foxy/share/rmw_implementation_cmake/cmake)
-- Using RMW implementation 'rmw_fastrtps_cpp' as default
-- Looking for pthread.h
-- Looking for pthread.h - found
-- Performing Test CMAKE_HAVE_LIBC_PTHREAD
-- Performing Test CMAKE_HAVE_LIBC_PTHREAD - Failed
-- Looking for pthread_create in pthreads
-- Looking for pthread_create in pthreads - not found
-- Looking for pthread_create in pthread
-- Looking for pthread_create in pthread - found
-- Found Threads: TRUE  
-- Found ament_lint_auto: 0.9.8 (/opt/ros/foxy/share/ament_lint_auto/cmake)
-- Added test 'copyright' to check source files copyright and LICENSE
-- Added test 'cppcheck' to perform static code analysis on C / C++ code
-- Configured cppcheck include dirs: /home/bigyun/Desktop/github_repositories-Bigyuun/teleop_robot_ws/src/tcp_pkg/include/tcp_pkg
-- Configured cppcheck exclude dirs and/or files: 
-- Added test 'cpplint' to check C / C++ code against the Google style
-- Configured cpplint exclude dirs and/or files: 
-- Added test 'lint_cmake' to check CMake code style
-- Added test 'uncrustify' to check C / C++ code style
-- Configured uncrustify additional arguments: 
-- Added test 'xmllint' to check XML markup files
-- Configuring done
-- Generating done
-- Build files have been written to: /home/bigyun/Desktop/github_repositories-Bigyuun/teleop_robot_ws/build/tcp_pkg
[35m[1mScanning dependencies of target tcpclient[0m
[ 50%] [32mBuilding CXX object CMakeFiles/tcpclient.dir/src/tcp_node.cpp.o[0m
[01m[K/home/bigyun/Desktop/github_repositories-Bigyuun/teleop_robot_ws/src/tcp_pkg/src/tcp_node.cpp:[m[K In member function ‘[01m[Kuint8_t TCPClientNode::Initialize()[m[K’:
[01m[K/home/bigyun/Desktop/github_repositories-Bigyuun/teleop_robot_ws/src/tcp_pkg/src/tcp_node.cpp:67:19:[m[K [01;35m[Kwarning: [m[Kcomparison of integer expressions of different signedness: ‘[01m[Kint[m[K’ and ‘[01m[Kstd::__cxx11::basic_string<char>::size_type[m[K’ {aka ‘[01m[Klong unsigned int[m[K’} [[01;35m[K-Wsign-compare[m[K]
   67 |     for(int i=0; [01;35m[Ki<this->ip_.length()[m[K; i++) { if(this->ip_[i] == '.') cnt++; }
      |                  [01;35m[K~^~~~~~~~~~~~~~~~~~~[m[K
[01m[K/home/bigyun/Desktop/github_repositories-Bigyuun/teleop_robot_ws/src/tcp_pkg/src/tcp_node.cpp:84:19:[m[K [01;35m[Kwarning: [m[Kcomparison of integer expressions of different signedness: ‘[01m[Kint[m[K’ and ‘[01m[Kstd::__cxx11::basic_string<char>::size_type[m[K’ {aka ‘[01m[Klong unsigned int[m[K’} [[01;35m[K-Wsign-compare[m[K]
   84 |     for(int i=0; [01;35m[Ki<this->s_port_.length()[m[K; i++)
      |                  [01;35m[K~^~~~~~~~~~~~~~~~~~~~~~~[m[K
[01m[K/home/bigyun/Desktop/github_repositories-Bigyuun/teleop_robot_ws/src/tcp_pkg/src/tcp_node.cpp:[m[K In member function ‘[01m[Kvoid TCPClientNode::SendThread()[m[K’:
[01m[K/home/bigyun/Desktop/github_repositories-Bigyuun/teleop_robot_ws/src/tcp_pkg/src/tcp_node.cpp:127:8:[m[K [01;35m[Kwarning: [m[KISO C++ forbids variable length array ‘[01m[Ksend_val[m[K’ [[01;35m[K-Wvla[m[K]
  127 |   long [01;35m[Ksend_val[m[K[this->buffer_size_];
      |        [01;35m[K^~~~~~~~[m[K
[01m[K/home/bigyun/Desktop/github_repositories-Bigyuun/teleop_robot_ws/src/tcp_pkg/src/tcp_node.cpp:[m[K In member function ‘[01m[Kvoid TCPClientNode::RecvThread()[m[K’:
[01m[K/home/bigyun/Desktop/github_repositories-Bigyuun/teleop_robot_ws/src/tcp_pkg/src/tcp_node.cpp:163:8:[m[K [01;35m[Kwarning: [m[KISO C++ forbids variable length array ‘[01m[Krecv_val[m[K’ [[01;35m[K-Wvla[m[K]
  163 |   long [01;35m[Krecv_val[m[K[this->buffer_size_];
      |        [01;35m[K^~~~~~~~[m[K
[100%] [32m[1mLinking CXX executable tcpclient[0m
[100%] Built target tcpclient
-- Install configuration: ""
-- Execute custom install script
-- Symlinking: /home/bigyun/Desktop/github_repositories-Bigyuun/teleop_robot_ws/install/tcp_pkg/lib/tcp_pkg/tcpclient
-- Symlinking: /home/bigyun/Desktop/github_repositories-Bigyuun/teleop_robot_ws/install/tcp_pkg/share/ament_index/resource_index/package_run_dependencies/tcp_pkg
-- Symlinking: /home/bigyun/Desktop/github_repositories-Bigyuun/teleop_robot_ws/install/tcp_pkg/share/ament_index/resource_index/parent_prefix_path/tcp_pkg
-- Symlinking: /home/bigyun/Desktop/github_repositories-Bigyuun/teleop_robot_ws/install/tcp_pkg/share/tcp_pkg/environment/ament_prefix_path.sh
-- Symlinking: /home/bigyun/Desktop/github_repositories-Bigyuun/teleop_robot_ws/install/tcp_pkg/share/tcp_pkg/environment/ament_prefix_path.dsv
-- Symlinking: /home/bigyun/Desktop/github_repositories-Bigyuun/teleop_robot_ws/install/tcp_pkg/share/tcp_pkg/environment/path.sh
-- Symlinking: /home/bigyun/Desktop/github_repositories-Bigyuun/teleop_robot_ws/install/tcp_pkg/share/tcp_pkg/environment/path.dsv
-- Symlinking: /home/bigyun/Desktop/github_repositories-Bigyuun/teleop_robot_ws/install/tcp_pkg/share/tcp_pkg/local_setup.bash
-- Symlinking: /home/bigyun/Desktop/github_repositories-Bigyuun/teleop_robot_ws/install/tcp_pkg/share/tcp_pkg/local_setup.sh
-- Symlinking: /home/bigyun/Desktop/github_repositories-Bigyuun/teleop_robot_ws/install/tcp_pkg/share/tcp_pkg/local_setup.zsh
-- Symlinking: /home/bigyun/Desktop/github_repositories-Bigyuun/teleop_robot_ws/install/tcp_pkg/share/tcp_pkg/local_setup.dsv
-- Symlinking: /home/bigyun/Desktop/github_repositories-Bigyuun/teleop_robot_ws/install/tcp_pkg/share/tcp_pkg/package.dsv
-- Symlinking: /home/bigyun/Desktop/github_repositories-Bigyuun/teleop_robot_ws/install/tcp_pkg/share/ament_index/resource_index/packages/tcp_pkg
-- Symlinking: /home/bigyun/Desktop/github_repositories-Bigyuun/teleop_robot_ws/install/tcp_pkg/share/tcp_pkg/cmake/tcp_pkgConfig.cmake
-- Symlinking: /home/bigyun/Desktop/github_repositories-Bigyuun/teleop_robot_ws/install/tcp_pkg/share/tcp_pkg/cmake/tcp_pkgConfig-version.cmake
-- Symlinking: /home/bigyun/Desktop/github_repositories-Bigyuun/teleop_robot_ws/install/tcp_pkg/share/tcp_pkg/package.xml
