[0.015s] Invoking command in '/home/bigyun/Desktop/github_repositories-Bigyuun/teleop_robot_ws/src/build/tcp_pkg': CMAKE_PREFIX_PATH=/opt/ros/foxy CONDA_PROMPT_MODIFIER=(base) /usr/bin/cmake --build /home/bigyun/Desktop/github_repositories-Bigyuun/teleop_robot_ws/src/build/tcp_pkg -- -j20 -l20
[0.038s] [35m[1mScanning dependencies of target tcpclient[0m
[0.054s] [ 50%] [32mBuilding CXX object CMakeFiles/tcpclient.dir/src/tcp_node.cpp.o[0m
[0.672s] [01m[K/home/bigyun/Desktop/github_repositories-Bigyuun/teleop_robot_ws/src/tcp_pkg/src/tcp_node.cpp:[m[K In member function ‘[01m[Kuint8_t TCPClientNode::Initialize()[m[K’:
[0.672s] [01m[K/home/bigyun/Desktop/github_repositories-Bigyuun/teleop_robot_ws/src/tcp_pkg/src/tcp_node.cpp:67:19:[m[K [01;35m[Kwarning: [m[Kcomparison of integer expressions of different signedness: ‘[01m[Kint[m[K’ and ‘[01m[Kstd::__cxx11::basic_string<char>::size_type[m[K’ {aka ‘[01m[Klong unsigned int[m[K’} [[01;35m[K-Wsign-compare[m[K]
[0.672s]    67 |     for(int i=0; [01;35m[Ki<this->ip_.length()[m[K; i++) { if(this->ip_[i] == '.') cnt++; }
[0.672s]       |                  [01;35m[K~^~~~~~~~~~~~~~~~~~~[m[K
[0.672s] [01m[K/home/bigyun/Desktop/github_repositories-Bigyuun/teleop_robot_ws/src/tcp_pkg/src/tcp_node.cpp:84:19:[m[K [01;35m[Kwarning: [m[Kcomparison of integer expressions of different signedness: ‘[01m[Kint[m[K’ and ‘[01m[Kstd::__cxx11::basic_string<char>::size_type[m[K’ {aka ‘[01m[Klong unsigned int[m[K’} [[01;35m[K-Wsign-compare[m[K]
[0.672s]    84 |     for(int i=0; [01;35m[Ki<this->s_port_.length()[m[K; i++)
[0.672s]       |                  [01;35m[K~^~~~~~~~~~~~~~~~~~~~~~~[m[K
[0.673s] [01m[K/home/bigyun/Desktop/github_repositories-Bigyuun/teleop_robot_ws/src/tcp_pkg/src/tcp_node.cpp:[m[K In member function ‘[01m[Kvoid TCPClientNode::SendThread()[m[K’:
[0.673s] [01m[K/home/bigyun/Desktop/github_repositories-Bigyuun/teleop_robot_ws/src/tcp_pkg/src/tcp_node.cpp:126:8:[m[K [01;35m[Kwarning: [m[KISO C++ forbids variable length array ‘[01m[Ksend_val[m[K’ [[01;35m[K-Wvla[m[K]
[0.673s]   126 |   long [01;35m[Ksend_val[m[K[this->buffer_size_];
[0.673s]       |        [01;35m[K^~~~~~~~[m[K
[0.673s] [01m[K/home/bigyun/Desktop/github_repositories-Bigyuun/teleop_robot_ws/src/tcp_pkg/src/tcp_node.cpp:[m[K In member function ‘[01m[Kvoid TCPClientNode::RecvThread()[m[K’:
[0.673s] [01m[K/home/bigyun/Desktop/github_repositories-Bigyuun/teleop_robot_ws/src/tcp_pkg/src/tcp_node.cpp:162:8:[m[K [01;35m[Kwarning: [m[KISO C++ forbids variable length array ‘[01m[Krecv_val[m[K’ [[01;35m[K-Wvla[m[K]
[0.673s]   162 |   long [01;35m[Krecv_val[m[K[this->buffer_size_];
[0.673s]       |        [01;35m[K^~~~~~~~[m[K
[0.968s] [100%] [32m[1mLinking CXX executable tcpclient[0m
[1.043s] [100%] Built target tcpclient
[1.050s] Invoked command in '/home/bigyun/Desktop/github_repositories-Bigyuun/teleop_robot_ws/src/build/tcp_pkg' returned '0': CMAKE_PREFIX_PATH=/opt/ros/foxy CONDA_PROMPT_MODIFIER=(base) /usr/bin/cmake --build /home/bigyun/Desktop/github_repositories-Bigyuun/teleop_robot_ws/src/build/tcp_pkg -- -j20 -l20
[1.067s] Invoking command in '/home/bigyun/Desktop/github_repositories-Bigyuun/teleop_robot_ws/src/build/tcp_pkg': CMAKE_PREFIX_PATH=/opt/ros/foxy CONDA_PROMPT_MODIFIER=(base) /usr/bin/cmake --install /home/bigyun/Desktop/github_repositories-Bigyuun/teleop_robot_ws/src/build/tcp_pkg
[1.072s] -- Install configuration: ""
[1.072s] -- Execute custom install script
[1.072s] -- Symlinking: /home/bigyun/Desktop/github_repositories-Bigyuun/teleop_robot_ws/src/install/tcp_pkg/lib/tcp_pkg/tcpclient
[1.077s] -- Up-to-date symlink: /home/bigyun/Desktop/github_repositories-Bigyuun/teleop_robot_ws/src/install/tcp_pkg/share/ament_index/resource_index/package_run_dependencies/tcp_pkg
[1.077s] -- Up-to-date symlink: /home/bigyun/Desktop/github_repositories-Bigyuun/teleop_robot_ws/src/install/tcp_pkg/share/ament_index/resource_index/parent_prefix_path/tcp_pkg
[1.077s] -- Up-to-date symlink: /home/bigyun/Desktop/github_repositories-Bigyuun/teleop_robot_ws/src/install/tcp_pkg/share/tcp_pkg/environment/ament_prefix_path.sh
[1.077s] -- Up-to-date symlink: /home/bigyun/Desktop/github_repositories-Bigyuun/teleop_robot_ws/src/install/tcp_pkg/share/tcp_pkg/environment/ament_prefix_path.dsv
[1.077s] -- Up-to-date symlink: /home/bigyun/Desktop/github_repositories-Bigyuun/teleop_robot_ws/src/install/tcp_pkg/share/tcp_pkg/environment/path.sh
[1.077s] -- Up-to-date symlink: /home/bigyun/Desktop/github_repositories-Bigyuun/teleop_robot_ws/src/install/tcp_pkg/share/tcp_pkg/environment/path.dsv
[1.077s] -- Up-to-date symlink: /home/bigyun/Desktop/github_repositories-Bigyuun/teleop_robot_ws/src/install/tcp_pkg/share/tcp_pkg/local_setup.bash
[1.078s] -- Up-to-date symlink: /home/bigyun/Desktop/github_repositories-Bigyuun/teleop_robot_ws/src/install/tcp_pkg/share/tcp_pkg/local_setup.sh
[1.078s] -- Up-to-date symlink: /home/bigyun/Desktop/github_repositories-Bigyuun/teleop_robot_ws/src/install/tcp_pkg/share/tcp_pkg/local_setup.zsh
[1.078s] -- Up-to-date symlink: /home/bigyun/Desktop/github_repositories-Bigyuun/teleop_robot_ws/src/install/tcp_pkg/share/tcp_pkg/local_setup.dsv
[1.078s] -- Symlinking: /home/bigyun/Desktop/github_repositories-Bigyuun/teleop_robot_ws/src/install/tcp_pkg/share/tcp_pkg/package.dsv
[1.083s] -- Up-to-date symlink: /home/bigyun/Desktop/github_repositories-Bigyuun/teleop_robot_ws/src/install/tcp_pkg/share/ament_index/resource_index/packages/tcp_pkg
[1.083s] -- Up-to-date symlink: /home/bigyun/Desktop/github_repositories-Bigyuun/teleop_robot_ws/src/install/tcp_pkg/share/tcp_pkg/cmake/tcp_pkgConfig.cmake
[1.083s] -- Up-to-date symlink: /home/bigyun/Desktop/github_repositories-Bigyuun/teleop_robot_ws/src/install/tcp_pkg/share/tcp_pkg/cmake/tcp_pkgConfig-version.cmake
[1.083s] -- Up-to-date symlink: /home/bigyun/Desktop/github_repositories-Bigyuun/teleop_robot_ws/src/install/tcp_pkg/share/tcp_pkg/package.xml
[1.084s] Invoked command in '/home/bigyun/Desktop/github_repositories-Bigyuun/teleop_robot_ws/src/build/tcp_pkg' returned '0': CMAKE_PREFIX_PATH=/opt/ros/foxy CONDA_PROMPT_MODIFIER=(base) /usr/bin/cmake --install /home/bigyun/Desktop/github_repositories-Bigyuun/teleop_robot_ws/src/build/tcp_pkg
